[2022-04-07T09:27:00.523Z] Validating found git in: git
[2022-04-07T09:27:00.581Z] Using git 2.25.1 from git
[2022-04-07T09:27:00.652Z] > git rev-parse --git-dir [23ms]
[2022-04-07T09:27:00.664Z] Open repository: /github/RIOTOS/RIOT
[2022-04-07T09:27:00.800Z] > git symbolic-ref --short HEAD [1ms]
[2022-04-07T09:27:00.813Z] > git for-each-ref --format=%(refname)%00%(upstream:short)%00%(objectname)%00%(upstream:track) refs/heads/master refs/remotes/master [4ms]
[2022-04-07T09:27:00.831Z] > git remote --verbose [3ms]
[2022-04-07T09:27:00.832Z] > git for-each-ref --sort -committerdate --format %(refname) %(objectname) %(*objectname) [12ms]
[2022-04-07T09:27:00.876Z] > git config --get commit.template [7ms]
[2022-04-07T09:27:02.968Z] > git symbolic-ref --short HEAD [2ms]
[2022-04-07T09:27:02.975Z] > git for-each-ref --format=%(refname)%00%(upstream:short)%00%(objectname)%00%(upstream:track) refs/heads/master refs/remotes/master [1ms]
[2022-04-07T09:27:02.983Z] > git remote --verbose [1ms]
[2022-04-07T09:27:02.985Z] > git for-each-ref --sort -committerdate --format %(refname) %(objectname) %(*objectname) [6ms]
[2022-04-07T09:27:02.997Z] > git config --get commit.template [1ms]
[2022-04-07T09:27:07.335Z] > git ls-files --stage -- /github/RIOTOS/RIOT/ourProject/main.c [5ms]
[2022-04-07T09:27:30.870Z] > git symbolic-ref --short HEAD [2ms]
[2022-04-07T09:27:30.877Z] > git for-each-ref --format=%(refname)%00%(upstream:short)%00%(objectname)%00%(upstream:track) refs/heads/master refs/remotes/master [1ms]
[2022-04-07T09:27:30.897Z] > git remote --verbose [3ms]
[2022-04-07T09:27:30.904Z] > git for-each-ref --sort -committerdate --format %(refname) %(objectname) %(*objectname) [15ms]
[2022-04-07T09:27:30.934Z] > git config --get commit.template [1ms]
[2022-04-07T09:27:36.040Z] > git symbolic-ref --short HEAD [1ms]
[2022-04-07T09:27:36.057Z] > git for-each-ref --format=%(refname)%00%(upstream:short)%00%(objectname)%00%(upstream:track) refs/heads/master refs/remotes/master [2ms]
[2022-04-07T09:27:36.073Z] > git for-each-ref --sort -committerdate --format %(refname) %(objectname) %(*objectname) [8ms]
[2022-04-07T09:27:36.076Z] > git remote --verbose [4ms]
[2022-04-07T09:27:36.093Z] > git config --get commit.template [2ms]
[2022-04-07T09:27:37.452Z] > git ls-files --stage -- /github/RIOTOS/RIOT/ourProject/Makefile [4ms]
[2022-04-07T09:27:57.300Z] > git symbolic-ref --short HEAD [3ms]
[2022-04-07T09:27:57.306Z] > git for-each-ref --format=%(refname)%00%(upstream:short)%00%(objectname)%00%(upstream:track) refs/heads/master refs/remotes/master [1ms]
[2022-04-07T09:27:57.319Z] > git remote --verbose [2ms]
[2022-04-07T09:27:57.321Z] > git for-each-ref --sort -committerdate --format %(refname) %(objectname) %(*objectname) [10ms]
[2022-04-07T09:27:57.343Z] > git config --get commit.template [8ms]
[2022-04-07T09:28:03.596Z] > git symbolic-ref --short HEAD [4ms]
[2022-04-07T09:28:03.606Z] > git for-each-ref --format=%(refname)%00%(upstream:short)%00%(objectname)%00%(upstream:track) refs/heads/master refs/remotes/master [3ms]
[2022-04-07T09:28:03.626Z] > git for-each-ref --sort -committerdate --format %(refname) %(objectname) %(*objectname) [9ms]
[2022-04-07T09:28:03.628Z] > git remote --verbose [5ms]
[2022-04-07T09:28:03.641Z] > git config --get commit.template [1ms]
[2022-04-07T09:28:05.833Z] > git ls-files --stage -- /github/RIOTOS/RIOT/ourProject/main.c [8ms]
[2022-04-07T09:28:07.449Z] > git ls-files --stage -- /github/RIOTOS/RIOT/ourProject/Makefile [4ms]
[2022-04-07T09:28:08.718Z] > git symbolic-ref --short HEAD [1ms]
[2022-04-07T09:28:08.724Z] > git for-each-ref --format=%(refname)%00%(upstream:short)%00%(objectname)%00%(upstream:track) refs/heads/master refs/remotes/master [1ms]
[2022-04-07T09:28:08.734Z] > git remote --verbose [1ms]
[2022-04-07T09:28:08.736Z] > git for-each-ref --sort -committerdate --format %(refname) %(objectname) %(*objectname) [7ms]
[2022-04-07T09:28:08.748Z] > git config --get commit.template [2ms]
[2022-04-07T09:28:13.823Z] > git symbolic-ref --short HEAD [1ms]
[2022-04-07T09:28:13.830Z] > git for-each-ref --format=%(refname)%00%(upstream:short)%00%(objectname)%00%(upstream:track) refs/heads/master refs/remotes/master [2ms]
[2022-04-07T09:28:13.840Z] > git remote --verbose [2ms]
[2022-04-07T09:28:13.840Z] > git for-each-ref --sort -committerdate --format %(refname) %(objectname) %(*objectname) [6ms]
[2022-04-07T09:28:13.857Z] > git config --get commit.template [7ms]
[2022-04-07T09:28:18.929Z] > git symbolic-ref --short HEAD [2ms]
[2022-04-07T09:28:18.934Z] > git for-each-ref --format=%(refname)%00%(upstream:short)%00%(objectname)%00%(upstream:track) refs/heads/master refs/remotes/master [1ms]
[2022-04-07T09:28:18.942Z] > git remote --verbose [1ms]
[2022-04-07T09:28:18.944Z] > git for-each-ref --sort -committerdate --format %(refname) %(objectname) %(*objectname) [6ms]
[2022-04-07T09:28:18.954Z] > git config --get commit.template [1ms]
[2022-04-07T09:28:24.043Z] > git symbolic-ref --short HEAD [2ms]
[2022-04-07T09:28:24.052Z] > git for-each-ref --format=%(refname)%00%(upstream:short)%00%(objectname)%00%(upstream:track) refs/heads/master refs/remotes/master [2ms]
[2022-04-07T09:28:24.066Z] > git remote --verbose [2ms]
[2022-04-07T09:28:24.069Z] > git for-each-ref --sort -committerdate --format %(refname) %(objectname) %(*objectname) [11ms]
[2022-04-07T09:28:24.081Z] > git config --get commit.template [1ms]
[2022-04-07T09:28:26.082Z] > git ls-files --stage -- /github/RIOTOS/RIOT/Makefile [6ms]
[2022-04-07T09:28:26.088Z] > git cat-file -s 8ae12421fd541644a906e80aef4d1d8cd7e49a91 [1ms]
[2022-04-07T09:28:29.166Z] > git symbolic-ref --short HEAD [1ms]
[2022-04-07T09:28:29.173Z] > git for-each-ref --format=%(refname)%00%(upstream:short)%00%(objectname)%00%(upstream:track) refs/heads/master refs/remotes/master [2ms]
[2022-04-07T09:28:29.193Z] > git remote --verbose [11ms]
[2022-04-07T09:28:29.194Z] > git for-each-ref --sort -committerdate --format %(refname) %(objectname) %(*objectname) [17ms]
[2022-04-07T09:28:29.209Z] > git config --get commit.template [3ms]
[2022-04-07T09:28:30.263Z] > git ls-files --stage -- /github/RIOTOS/RIOT/ourProject/Makefile [5ms]
[2022-04-07T09:28:34.327Z] > git symbolic-ref --short HEAD [3ms]
[2022-04-07T09:28:34.340Z] > git for-each-ref --format=%(refname)%00%(upstream:short)%00%(objectname)%00%(upstream:track) refs/heads/master refs/remotes/master [2ms]
[2022-04-07T09:28:34.359Z] > git remote --verbose [2ms]
[2022-04-07T09:28:34.365Z] > git for-each-ref --sort -committerdate --format %(refname) %(objectname) %(*objectname) [14ms]
[2022-04-07T09:28:34.400Z] > git config --get commit.template [14ms]
[2022-04-07T09:28:39.475Z] > git symbolic-ref --short HEAD [1ms]
[2022-04-07T09:28:39.483Z] > git for-each-ref --format=%(refname)%00%(upstream:short)%00%(objectname)%00%(upstream:track) refs/heads/master refs/remotes/master [1ms]
[2022-04-07T09:28:39.496Z] > git for-each-ref --sort -committerdate --format %(refname) %(objectname) %(*objectname) [7ms]
[2022-04-07T09:28:39.497Z] > git remote --verbose [2ms]
[2022-04-07T09:28:39.513Z] > git config --get commit.template [4ms]
[2022-04-07T09:28:44.581Z] > git symbolic-ref --short HEAD [1ms]
[2022-04-07T09:28:44.585Z] > git for-each-ref --format=%(refname)%00%(upstream:short)%00%(objectname)%00%(upstream:track) refs/heads/master refs/remotes/master [1ms]
[2022-04-07T09:28:44.593Z] > git remote --verbose [1ms]
[2022-04-07T09:28:44.594Z] > git for-each-ref --sort -committerdate --format %(refname) %(objectname) %(*objectname) [5ms]
[2022-04-07T09:28:44.610Z] > git config --get commit.template [4ms]
[2022-04-07T09:28:49.671Z] > git symbolic-ref --short HEAD [1ms]
[2022-04-07T09:28:49.676Z] > git for-each-ref --format=%(refname)%00%(upstream:short)%00%(objectname)%00%(upstream:track) refs/heads/master refs/remotes/master [1ms]
[2022-04-07T09:28:49.683Z] > git remote --verbose [1ms]
[2022-04-07T09:28:49.685Z] > git for-each-ref --sort -committerdate --format %(refname) %(objectname) %(*objectname) [6ms]
[2022-04-07T09:28:49.698Z] > git config --get commit.template [3ms]
[2022-04-07T09:28:54.762Z] > git symbolic-ref --short HEAD [2ms]
[2022-04-07T09:28:54.766Z] > git for-each-ref --format=%(refname)%00%(upstream:short)%00%(objectname)%00%(upstream:track) refs/heads/master refs/remotes/master [1ms]
[2022-04-07T09:28:54.773Z] > git remote --verbose [1ms]
[2022-04-07T09:28:54.775Z] > git for-each-ref --sort -committerdate --format %(refname) %(objectname) %(*objectname) [6ms]
[2022-04-07T09:28:54.788Z] > git config --get commit.template [3ms]
[2022-04-07T09:28:59.859Z] > git symbolic-ref --short HEAD [1ms]
[2022-04-07T09:28:59.864Z] > git for-each-ref --format=%(refname)%00%(upstream:short)%00%(objectname)%00%(upstream:track) refs/heads/master refs/remotes/master [1ms]
[2022-04-07T09:28:59.871Z] > git remote --verbose [1ms]
[2022-04-07T09:28:59.872Z] > git for-each-ref --sort -committerdate --format %(refname) %(objectname) %(*objectname) [5ms]
[2022-04-07T09:28:59.883Z] > git config --get commit.template [2ms]
[2022-04-07T09:29:04.960Z] > git symbolic-ref --short HEAD [1ms]
[2022-04-07T09:29:04.966Z] > git for-each-ref --format=%(refname)%00%(upstream:short)%00%(objectname)%00%(upstream:track) refs/heads/master refs/remotes/master [1ms]
[2022-04-07T09:29:04.977Z] > git remote --verbose [2ms]
[2022-04-07T09:29:04.977Z] > git for-each-ref --sort -committerdate --format %(refname) %(objectname) %(*objectname) [7ms]
[2022-04-07T09:29:04.995Z] > git config --get commit.template [3ms]
[2022-04-07T09:29:08.163Z] > git ls-files --stage -- /github/RIOTOS/RIOT/Makefile.include [6ms]
[2022-04-07T09:29:08.169Z] > git cat-file -s 01648d35735c07be79d91735b31a55e51bf183e8 [2ms]
[2022-04-07T09:29:10.067Z] > git symbolic-ref --short HEAD [1ms]
[2022-04-07T09:29:10.072Z] > git for-each-ref --format=%(refname)%00%(upstream:short)%00%(objectname)%00%(upstream:track) refs/heads/master refs/remotes/master [2ms]
[2022-04-07T09:29:10.080Z] > git remote --verbose [1ms]
[2022-04-07T09:29:10.082Z] > git for-each-ref --sort -committerdate --format %(refname) %(objectname) %(*objectname) [6ms]
[2022-04-07T09:29:10.094Z] > git config --get commit.template [3ms]
[2022-04-07T09:29:15.209Z] > git symbolic-ref --short HEAD [1ms]
[2022-04-07T09:29:15.214Z] > git for-each-ref --format=%(refname)%00%(upstream:short)%00%(objectname)%00%(upstream:track) refs/heads/master refs/remotes/master [1ms]
[2022-04-07T09:29:15.221Z] > git remote --verbose [1ms]
[2022-04-07T09:29:15.223Z] > git for-each-ref --sort -committerdate --format %(refname) %(objectname) %(*objectname) [6ms]
[2022-04-07T09:29:15.233Z] > git config --get commit.template [2ms]
[2022-04-07T09:29:20.304Z] > git symbolic-ref --short HEAD [1ms]
[2022-04-07T09:29:20.310Z] > git for-each-ref --format=%(refname)%00%(upstream:short)%00%(objectname)%00%(upstream:track) refs/heads/master refs/remotes/master [1ms]
[2022-04-07T09:29:20.327Z] > git for-each-ref --sort -committerdate --format %(refname) %(objectname) %(*objectname) [11ms]
[2022-04-07T09:29:20.329Z] > git remote --verbose [3ms]
[2022-04-07T09:29:20.340Z] > git config --get commit.template [3ms]
[2022-04-07T09:29:22.454Z] > git ls-files --stage -- /github/RIOTOS/RIOT/Makefile [8ms]
[2022-04-07T09:29:22.460Z] > git cat-file -s 8ae12421fd541644a906e80aef4d1d8cd7e49a91 [1ms]
[2022-04-07T09:29:25.419Z] > git symbolic-ref --short HEAD [2ms]
[2022-04-07T09:29:25.425Z] > git for-each-ref --format=%(refname)%00%(upstream:short)%00%(objectname)%00%(upstream:track) refs/heads/master refs/remotes/master [1ms]
[2022-04-07T09:29:25.436Z] > git remote --verbose [2ms]
[2022-04-07T09:29:25.437Z] > git for-each-ref --sort -committerdate --format %(refname) %(objectname) %(*objectname) [7ms]
[2022-04-07T09:29:25.453Z] > git config --get commit.template [4ms]
[2022-04-07T09:29:26.757Z] > git ls-files --stage -- /github/RIOTOS/RIOT/ourProject/Makefile [5ms]
[2022-04-07T09:29:30.685Z] > git symbolic-ref --short HEAD [1ms]
[2022-04-07T09:29:30.692Z] > git for-each-ref --format=%(refname)%00%(upstream:short)%00%(objectname)%00%(upstream:track) refs/heads/master refs/remotes/master [2ms]
[2022-04-07T09:29:30.705Z] > git remote --verbose [2ms]
[2022-04-07T09:29:30.705Z] > git for-each-ref --sort -committerdate --format %(refname) %(objectname) %(*objectname) [9ms]
[2022-04-07T09:29:30.725Z] > git config --get commit.template [2ms]
[2022-04-07T09:29:34.577Z] > git ls-files --stage -- /github/RIOTOS/RIOT/Makefile.include [7ms]
[2022-04-07T09:29:34.584Z] > git cat-file -s 01648d35735c07be79d91735b31a55e51bf183e8 [1ms]
[2022-04-07T09:29:35.809Z] > git symbolic-ref --short HEAD [1ms]
[2022-04-07T09:29:35.816Z] > git for-each-ref --format=%(refname)%00%(upstream:short)%00%(objectname)%00%(upstream:track) refs/heads/master refs/remotes/master [2ms]
[2022-04-07T09:29:35.828Z] > git for-each-ref --sort -committerdate --format %(refname) %(objectname) %(*objectname) [7ms]
[2022-04-07T09:29:35.828Z] > git remote --verbose [1ms]
[2022-04-07T09:29:35.840Z] > git config --get commit.template [3ms]
[2022-04-07T09:29:40.914Z] > git symbolic-ref --short HEAD [1ms]
[2022-04-07T09:29:40.919Z] > git for-each-ref --format=%(refname)%00%(upstream:short)%00%(objectname)%00%(upstream:track) refs/heads/master refs/remotes/master [1ms]
[2022-04-07T09:29:40.928Z] > git remote --verbose [1ms]
[2022-04-07T09:29:40.929Z] > git for-each-ref --sort -committerdate --format %(refname) %(objectname) %(*objectname) [5ms]
[2022-04-07T09:29:40.941Z] > git config --get commit.template [1ms]
[2022-04-07T09:29:46.052Z] > git symbolic-ref --short HEAD [6ms]
[2022-04-07T09:29:46.061Z] > git for-each-ref --format=%(refname)%00%(upstream:short)%00%(objectname)%00%(upstream:track) refs/heads/master refs/remotes/master [2ms]
[2022-04-07T09:29:46.084Z] > git for-each-ref --sort -committerdate --format %(refname) %(objectname) %(*objectname) [13ms]
[2022-04-07T09:29:46.085Z] > git remote --verbose [3ms]
[2022-04-07T09:29:46.105Z] > git config --get commit.template [2ms]
[2022-04-07T09:29:46.759Z] > git ls-files --stage -- /github/RIOTOS/RIOT/ourProject/Makefile [4ms]
[2022-04-07T09:29:51.183Z] > git symbolic-ref --short HEAD [1ms]
[2022-04-07T09:29:51.188Z] > git for-each-ref --format=%(refname)%00%(upstream:short)%00%(objectname)%00%(upstream:track) refs/heads/master refs/remotes/master [1ms]
[2022-04-07T09:29:51.197Z] > git remote --verbose [1ms]
[2022-04-07T09:29:51.197Z] > git for-each-ref --sort -committerdate --format %(refname) %(objectname) %(*objectname) [5ms]
[2022-04-07T09:29:51.209Z] > git config --get commit.template [3ms]
[2022-04-07T09:30:50.932Z] > git symbolic-ref --short HEAD [1ms]
[2022-04-07T09:30:50.943Z] > git for-each-ref --format=%(refname)%00%(upstream:short)%00%(objectname)%00%(upstream:track) refs/heads/master refs/remotes/master [3ms]
[2022-04-07T09:30:50.959Z] > git remote --verbose [2ms]
[2022-04-07T09:30:50.960Z] > git for-each-ref --sort -committerdate --format %(refname) %(objectname) %(*objectname) [11ms]
[2022-04-07T09:30:50.978Z] > git config --get commit.template [2ms]
[2022-04-07T09:30:56.048Z] > git symbolic-ref --short HEAD [2ms]
[2022-04-07T09:30:56.056Z] > git for-each-ref --format=%(refname)%00%(upstream:short)%00%(objectname)%00%(upstream:track) refs/heads/master refs/remotes/master [2ms]
[2022-04-07T09:30:56.066Z] > git remote --verbose [1ms]
[2022-04-07T09:30:56.067Z] > git for-each-ref --sort -committerdate --format %(refname) %(objectname) %(*objectname) [6ms]
[2022-04-07T09:30:56.078Z] > git config --get commit.template [1ms]
[2022-04-07T09:31:01.149Z] > git symbolic-ref --short HEAD [1ms]
[2022-04-07T09:31:01.155Z] > git for-each-ref --format=%(refname)%00%(upstream:short)%00%(objectname)%00%(upstream:track) refs/heads/master refs/remotes/master [1ms]
[2022-04-07T09:31:01.169Z] > git for-each-ref --sort -committerdate --format %(refname) %(objectname) %(*objectname) [8ms]
[2022-04-07T09:31:01.169Z] > git remote --verbose [1ms]
[2022-04-07T09:31:01.182Z] > git config --get commit.template [3ms]
[2022-04-07T09:31:06.274Z] > git symbolic-ref --short HEAD [2ms]
[2022-04-07T09:31:06.285Z] > git for-each-ref --format=%(refname)%00%(upstream:short)%00%(objectname)%00%(upstream:track) refs/heads/master refs/remotes/master [1ms]
[2022-04-07T09:31:06.302Z] > git for-each-ref --sort -committerdate --format %(refname) %(objectname) %(*objectname) [11ms]
[2022-04-07T09:31:06.304Z] > git remote --verbose [3ms]
[2022-04-07T09:31:06.320Z] > git config --get commit.template [3ms]
[2022-04-07T09:31:11.425Z] > git symbolic-ref --short HEAD [1ms]
[2022-04-07T09:31:11.443Z] > git for-each-ref --format=%(refname)%00%(upstream:short)%00%(objectname)%00%(upstream:track) refs/heads/master refs/remotes/master [2ms]
[2022-04-07T09:31:11.463Z] > git for-each-ref --sort -committerdate --format %(refname) %(objectname) %(*objectname) [12ms]
[2022-04-07T09:31:11.466Z] > git remote --verbose [4ms]
[2022-04-07T09:31:11.481Z] > git config --get commit.template [1ms]
[2022-04-07T09:31:13.866Z] > git ls-files --stage -- /github/RIOTOS/RIOT/tests/driver_dht/Makefile [3ms]
[2022-04-07T09:31:13.872Z] > git cat-file -s 2ba7a265cee51b401f6d58d8b72ed92ec2eabf6d [1ms]
[2022-04-07T09:31:16.554Z] > git symbolic-ref --short HEAD [1ms]
[2022-04-07T09:31:16.560Z] > git for-each-ref --format=%(refname)%00%(upstream:short)%00%(objectname)%00%(upstream:track) refs/heads/master refs/remotes/master [1ms]
[2022-04-07T09:31:16.569Z] > git remote --verbose [1ms]
[2022-04-07T09:31:16.570Z] > git for-each-ref --sort -committerdate --format %(refname) %(objectname) %(*objectname) [6ms]
[2022-04-07T09:31:16.593Z] > git config --get commit.template [10ms]
[2022-04-07T09:31:21.666Z] > git symbolic-ref --short HEAD [1ms]
[2022-04-07T09:31:21.674Z] > git for-each-ref --format=%(refname)%00%(upstream:short)%00%(objectname)%00%(upstream:track) refs/heads/master refs/remotes/master [2ms]
[2022-04-07T09:31:21.686Z] > git remote --verbose [2ms]
[2022-04-07T09:31:21.686Z] > git for-each-ref --sort -committerdate --format %(refname) %(objectname) %(*objectname) [7ms]
[2022-04-07T09:31:21.696Z] > git config --get commit.template [2ms]
[2022-04-07T09:31:26.761Z] > git symbolic-ref --short HEAD [1ms]
[2022-04-07T09:31:26.766Z] > git for-each-ref --format=%(refname)%00%(upstream:short)%00%(objectname)%00%(upstream:track) refs/heads/master refs/remotes/master [1ms]
[2022-04-07T09:31:26.774Z] > git remote --verbose [1ms]
[2022-04-07T09:31:26.775Z] > git for-each-ref --sort -committerdate --format %(refname) %(objectname) %(*objectname) [5ms]
[2022-04-07T09:31:26.786Z] > git config --get commit.template [2ms]
[2022-04-07T09:31:31.855Z] > git symbolic-ref --short HEAD [1ms]
[2022-04-07T09:31:31.861Z] > git for-each-ref --format=%(refname)%00%(upstream:short)%00%(objectname)%00%(upstream:track) refs/heads/master refs/remotes/master [1ms]
[2022-04-07T09:31:31.869Z] > git remote --verbose [1ms]
[2022-04-07T09:31:31.870Z] > git for-each-ref --sort -committerdate --format %(refname) %(objectname) %(*objectname) [5ms]
[2022-04-07T09:31:31.882Z] > git config --get commit.template [2ms]
[2022-04-07T09:31:36.186Z] > git ls-files --stage -- /github/RIOTOS/RIOT/ourProject/Makefile [4ms]
[2022-04-07T09:31:36.950Z] > git symbolic-ref --short HEAD [1ms]
[2022-04-07T09:31:36.957Z] > git for-each-ref --format=%(refname)%00%(upstream:short)%00%(objectname)%00%(upstream:track) refs/heads/master refs/remotes/master [1ms]
[2022-04-07T09:31:36.965Z] > git remote --verbose [1ms]
[2022-04-07T09:31:36.966Z] > git for-each-ref --sort -committerdate --format %(refname) %(objectname) %(*objectname) [6ms]
[2022-04-07T09:31:36.977Z] > git config --get commit.template [3ms]
[2022-04-07T09:31:37.732Z] > git ls-files --stage -- /github/RIOTOS/RIOT/tests/driver_dht/Makefile [5ms]
[2022-04-07T09:31:37.740Z] > git cat-file -s 2ba7a265cee51b401f6d58d8b72ed92ec2eabf6d [2ms]
[2022-04-07T09:31:41.065Z] > git log --format=%H%n%aN%n%aE%n%at%n%ct%n%P%n%B -z -n21 -- /github/RIOTOS/RIOT/tests/driver_dht/Makefile [775ms]
[2022-04-07T09:31:42.068Z] > git symbolic-ref --short HEAD [2ms]
[2022-04-07T09:31:42.075Z] > git for-each-ref --format=%(refname)%00%(upstream:short)%00%(objectname)%00%(upstream:track) refs/heads/master refs/remotes/master [2ms]
[2022-04-07T09:31:42.088Z] > git remote --verbose [1ms]
[2022-04-07T09:31:42.089Z] > git for-each-ref --sort -committerdate --format %(refname) %(objectname) %(*objectname) [9ms]
[2022-04-07T09:31:42.115Z] > git config --get commit.template [6ms]
[2022-04-07T09:32:05.545Z] > git symbolic-ref --short HEAD [3ms]
[2022-04-07T09:32:05.559Z] > git for-each-ref --format=%(refname)%00%(upstream:short)%00%(objectname)%00%(upstream:track) refs/heads/master refs/remotes/master [3ms]
[2022-04-07T09:32:05.570Z] > git remote --verbose [3ms]
[2022-04-07T09:32:05.571Z] > git for-each-ref --sort -committerdate --format %(refname) %(objectname) %(*objectname) [8ms]
[2022-04-07T09:32:05.581Z] > git config --get commit.template [1ms]
[2022-04-07T09:32:06.621Z] > git ls-files --stage -- /github/RIOTOS/RIOT/ourProject/Makefile [6ms]
[2022-04-07T09:32:08.983Z] > git ls-files --stage -- /github/RIOTOS/RIOT/tests/driver_dht/Makefile [6ms]
[2022-04-07T09:32:08.997Z] > git cat-file -s 2ba7a265cee51b401f6d58d8b72ed92ec2eabf6d [3ms]
[2022-04-07T09:32:10.661Z] > git symbolic-ref --short HEAD [1ms]
[2022-04-07T09:32:10.672Z] > git for-each-ref --format=%(refname)%00%(upstream:short)%00%(objectname)%00%(upstream:track) refs/heads/master refs/remotes/master [5ms]
[2022-04-07T09:32:10.694Z] > git for-each-ref --sort -committerdate --format %(refname) %(objectname) %(*objectname) [7ms]
[2022-04-07T09:32:10.697Z] > git remote --verbose [4ms]
[2022-04-07T09:32:10.712Z] > git config --get commit.template [2ms]
[2022-04-07T09:32:10.907Z] > git ls-files --stage -- /github/RIOTOS/RIOT/Makefile.include [6ms]
[2022-04-07T09:32:10.914Z] > git cat-file -s 01648d35735c07be79d91735b31a55e51bf183e8 [1ms]
[2022-04-07T09:32:15.786Z] > git symbolic-ref --short HEAD [2ms]
[2022-04-07T09:32:15.793Z] > git for-each-ref --format=%(refname)%00%(upstream:short)%00%(objectname)%00%(upstream:track) refs/heads/master refs/remotes/master [1ms]
[2022-04-07T09:32:15.805Z] > git remote --verbose [2ms]
[2022-04-07T09:32:15.806Z] > git for-each-ref --sort -committerdate --format %(refname) %(objectname) %(*objectname) [8ms]
[2022-04-07T09:32:15.816Z] > git config --get commit.template [1ms]
[2022-04-07T09:32:20.888Z] > git symbolic-ref --short HEAD [1ms]
[2022-04-07T09:32:20.893Z] > git for-each-ref --format=%(refname)%00%(upstream:short)%00%(objectname)%00%(upstream:track) refs/heads/master refs/remotes/master [1ms]
[2022-04-07T09:32:20.902Z] > git remote --verbose [1ms]
[2022-04-07T09:32:20.903Z] > git for-each-ref --sort -committerdate --format %(refname) %(objectname) %(*objectname) [6ms]
[2022-04-07T09:32:20.912Z] > git config --get commit.template [2ms]
[2022-04-07T09:32:25.997Z] > git symbolic-ref --short HEAD [1ms]
[2022-04-07T09:32:26.014Z] > git for-each-ref --format=%(refname)%00%(upstream:short)%00%(objectname)%00%(upstream:track) refs/heads/master refs/remotes/master [1ms]
[2022-04-07T09:32:26.031Z] > git for-each-ref --sort -committerdate --format %(refname) %(objectname) %(*objectname) [8ms]
[2022-04-07T09:32:26.034Z] > git remote --verbose [4ms]
[2022-04-07T09:32:26.048Z] > git config --get commit.template [2ms]
[2022-04-07T09:32:31.116Z] > git symbolic-ref --short HEAD [2ms]
[2022-04-07T09:32:31.122Z] > git for-each-ref --format=%(refname)%00%(upstream:short)%00%(objectname)%00%(upstream:track) refs/heads/master refs/remotes/master [1ms]
[2022-04-07T09:32:31.131Z] > git remote --verbose [1ms]
[2022-04-07T09:32:31.132Z] > git for-each-ref --sort -committerdate --format %(refname) %(objectname) %(*objectname) [6ms]
[2022-04-07T09:32:31.147Z] > git config --get commit.template [4ms]
[2022-04-07T09:32:36.234Z] > git symbolic-ref --short HEAD [1ms]
[2022-04-07T09:32:36.241Z] > git for-each-ref --format=%(refname)%00%(upstream:short)%00%(objectname)%00%(upstream:track) refs/heads/master refs/remotes/master [1ms]
[2022-04-07T09:32:36.255Z] > git for-each-ref --sort -committerdate --format %(refname) %(objectname) %(*objectname) [8ms]
[2022-04-07T09:32:36.256Z] > git remote --verbose [2ms]
[2022-04-07T09:32:36.269Z] > git config --get commit.template [3ms]
[2022-04-07T09:32:41.335Z] > git symbolic-ref --short HEAD [1ms]
[2022-04-07T09:32:41.340Z] > git for-each-ref --format=%(refname)%00%(upstream:short)%00%(objectname)%00%(upstream:track) refs/heads/master refs/remotes/master [1ms]
[2022-04-07T09:32:41.348Z] > git remote --verbose [0ms]
[2022-04-07T09:32:41.350Z] > git for-each-ref --sort -committerdate --format %(refname) %(objectname) %(*objectname) [6ms]
[2022-04-07T09:32:41.363Z] > git config --get commit.template [3ms]
[2022-04-07T09:32:46.434Z] > git symbolic-ref --short HEAD [1ms]
[2022-04-07T09:32:46.440Z] > git for-each-ref --format=%(refname)%00%(upstream:short)%00%(objectname)%00%(upstream:track) refs/heads/master refs/remotes/master [2ms]
[2022-04-07T09:32:46.447Z] > git remote --verbose [1ms]
[2022-04-07T09:32:46.449Z] > git for-each-ref --sort -committerdate --format %(refname) %(objectname) %(*objectname) [6ms]
[2022-04-07T09:32:46.463Z] > git config --get commit.template [6ms]
[2022-04-07T09:32:51.527Z] > git symbolic-ref --short HEAD [1ms]
[2022-04-07T09:32:51.533Z] > git for-each-ref --format=%(refname)%00%(upstream:short)%00%(objectname)%00%(upstream:track) refs/heads/master refs/remotes/master [2ms]
[2022-04-07T09:32:51.541Z] > git remote --verbose [1ms]
[2022-04-07T09:32:51.542Z] > git for-each-ref --sort -committerdate --format %(refname) %(objectname) %(*objectname) [6ms]
[2022-04-07T09:32:51.551Z] > git config --get commit.template [2ms]
[2022-04-07T09:32:56.626Z] > git symbolic-ref --short HEAD [1ms]
[2022-04-07T09:32:56.632Z] > git for-each-ref --format=%(refname)%00%(upstream:short)%00%(objectname)%00%(upstream:track) refs/heads/master refs/remotes/master [2ms]
[2022-04-07T09:32:56.640Z] > git remote --verbose [1ms]
[2022-04-07T09:32:56.642Z] > git for-each-ref --sort -committerdate --format %(refname) %(objectname) %(*objectname) [6ms]
[2022-04-07T09:32:56.653Z] > git config --get commit.template [1ms]
[2022-04-07T09:33:01.731Z] > git symbolic-ref --short HEAD [1ms]
[2022-04-07T09:33:01.739Z] > git for-each-ref --format=%(refname)%00%(upstream:short)%00%(objectname)%00%(upstream:track) refs/heads/master refs/remotes/master [1ms]
[2022-04-07T09:33:01.752Z] > git remote --verbose [1ms]
[2022-04-07T09:33:01.753Z] > git for-each-ref --sort -committerdate --format %(refname) %(objectname) %(*objectname) [8ms]
[2022-04-07T09:33:01.766Z] > git config --get commit.template [3ms]
[2022-04-07T09:33:06.838Z] > git symbolic-ref --short HEAD [1ms]
[2022-04-07T09:33:06.846Z] > git for-each-ref --format=%(refname)%00%(upstream:short)%00%(objectname)%00%(upstream:track) refs/heads/master refs/remotes/master [1ms]
[2022-04-07T09:33:06.859Z] > git for-each-ref --sort -committerdate --format %(refname) %(objectname) %(*objectname) [7ms]
[2022-04-07T09:33:06.862Z] > git remote --verbose [4ms]
[2022-04-07T09:33:06.881Z] > git config --get commit.template [5ms]
[2022-04-07T09:33:15.171Z] > git symbolic-ref --short HEAD [2ms]
[2022-04-07T09:33:15.179Z] > git for-each-ref --format=%(refname)%00%(upstream:short)%00%(objectname)%00%(upstream:track) refs/heads/master refs/remotes/master [2ms]
[2022-04-07T09:33:15.192Z] > git remote --verbose [1ms]
[2022-04-07T09:33:15.193Z] > git for-each-ref --sort -committerdate --format %(refname) %(objectname) %(*objectname) [7ms]
[2022-04-07T09:33:15.218Z] > git ls-files --stage -- /github/RIOTOS/RIOT/tests/driver_dht/Makefile [8ms]
[2022-04-07T09:33:15.225Z] > git config --get commit.template [10ms]
[2022-04-07T09:33:15.225Z] > git cat-file -s 2ba7a265cee51b401f6d58d8b72ed92ec2eabf6d [1ms]
[2022-04-07T09:33:16.345Z] > git ls-files --stage -- /github/RIOTOS/RIOT/ourProject/Makefile [4ms]
[2022-04-07T09:33:17.156Z] > git ls-files --stage -- /github/RIOTOS/RIOT/Makefile.include [7ms]
[2022-04-07T09:33:17.162Z] > git cat-file -s 01648d35735c07be79d91735b31a55e51bf183e8 [1ms]
[2022-04-07T09:33:19.149Z] > git ls-files --stage -- /github/RIOTOS/RIOT/tests/driver_dht/Makefile [4ms]
[2022-04-07T09:33:19.155Z] > git cat-file -s 2ba7a265cee51b401f6d58d8b72ed92ec2eabf6d [1ms]
[2022-04-07T09:33:20.300Z] > git symbolic-ref --short HEAD [1ms]
[2022-04-07T09:33:20.305Z] > git for-each-ref --format=%(refname)%00%(upstream:short)%00%(objectname)%00%(upstream:track) refs/heads/master refs/remotes/master [1ms]
[2022-04-07T09:33:20.314Z] > git remote --verbose [2ms]
[2022-04-07T09:33:20.315Z] > git for-each-ref --sort -committerdate --format %(refname) %(objectname) %(*objectname) [6ms]
[2022-04-07T09:33:20.324Z] > git config --get commit.template [2ms]
[2022-04-07T09:33:21.609Z] > git ls-files --stage -- /github/RIOTOS/RIOT/ourProject/Makefile [5ms]
[2022-04-07T09:34:33.404Z] > git symbolic-ref --short HEAD [2ms]
[2022-04-07T09:34:33.414Z] > git for-each-ref --format=%(refname)%00%(upstream:short)%00%(objectname)%00%(upstream:track) refs/heads/master refs/remotes/master [3ms]
[2022-04-07T09:34:33.427Z] > git remote --verbose [1ms]
[2022-04-07T09:34:33.433Z] > git for-each-ref --sort -committerdate --format %(refname) %(objectname) %(*objectname) [14ms]
[2022-04-07T09:34:33.462Z] > git config --get commit.template [3ms]
[2022-04-07T09:34:38.544Z] > git symbolic-ref --short HEAD [1ms]
[2022-04-07T09:34:38.555Z] > git for-each-ref --format=%(refname)%00%(upstream:short)%00%(objectname)%00%(upstream:track) refs/heads/master refs/remotes/master [1ms]
[2022-04-07T09:34:38.567Z] > git remote --verbose [1ms]
[2022-04-07T09:34:38.567Z] > git for-each-ref --sort -committerdate --format %(refname) %(objectname) %(*objectname) [7ms]
[2022-04-07T09:34:38.578Z] > git config --get commit.template [1ms]
[2022-04-07T09:34:43.690Z] > git symbolic-ref --short HEAD [2ms]
[2022-04-07T09:34:43.711Z] > git for-each-ref --format=%(refname)%00%(upstream:short)%00%(objectname)%00%(upstream:track) refs/heads/master refs/remotes/master [1ms]
[2022-04-07T09:34:43.735Z] > git for-each-ref --sort -committerdate --format %(refname) %(objectname) %(*objectname) [15ms]
[2022-04-07T09:34:43.736Z] > git remote --verbose [2ms]
[2022-04-07T09:34:43.769Z] > git config --get commit.template [6ms]
[2022-04-07T09:35:16.641Z] > git symbolic-ref --short HEAD [2ms]
[2022-04-07T09:35:16.655Z] > git for-each-ref --format=%(refname)%00%(upstream:short)%00%(objectname)%00%(upstream:track) refs/heads/master refs/remotes/master [2ms]
[2022-04-07T09:35:16.673Z] > git for-each-ref --sort -committerdate --format %(refname) %(objectname) %(*objectname) [13ms]
[2022-04-07T09:35:16.673Z] > git remote --verbose [5ms]
[2022-04-07T09:35:16.687Z] > git config --get commit.template [2ms]
[2022-04-07T09:35:21.752Z] > git symbolic-ref --short HEAD [2ms]
[2022-04-07T09:35:21.758Z] > git for-each-ref --format=%(refname)%00%(upstream:short)%00%(objectname)%00%(upstream:track) refs/heads/master refs/remotes/master [1ms]
[2022-04-07T09:35:21.766Z] > git remote --verbose [1ms]
[2022-04-07T09:35:21.768Z] > git for-each-ref --sort -committerdate --format %(refname) %(objectname) %(*objectname) [6ms]
[2022-04-07T09:35:21.780Z] > git config --get commit.template [2ms]
[2022-04-07T09:35:26.846Z] > git symbolic-ref --short HEAD [1ms]
[2022-04-07T09:35:26.852Z] > git for-each-ref --format=%(refname)%00%(upstream:short)%00%(objectname)%00%(upstream:track) refs/heads/master refs/remotes/master [2ms]
[2022-04-07T09:35:26.860Z] > git remote --verbose [1ms]
[2022-04-07T09:35:26.861Z] > git for-each-ref --sort -committerdate --format %(refname) %(objectname) %(*objectname) [6ms]
[2022-04-07T09:35:26.873Z] > git config --get commit.template [2ms]
[2022-04-07T09:35:28.990Z] > git ls-files --stage -- /github/RIOTOS/RIOT/tests/driver_dht/Makefile [5ms]
[2022-04-07T09:35:28.996Z] > git cat-file -s 2ba7a265cee51b401f6d58d8b72ed92ec2eabf6d [1ms]
[2022-04-07T09:35:31.953Z] > git symbolic-ref --short HEAD [1ms]
[2022-04-07T09:35:31.960Z] > git for-each-ref --format=%(refname)%00%(upstream:short)%00%(objectname)%00%(upstream:track) refs/heads/master refs/remotes/master [2ms]
[2022-04-07T09:35:31.972Z] > git for-each-ref --sort -committerdate --format %(refname) %(objectname) %(*objectname) [6ms]
[2022-04-07T09:35:31.974Z] > git remote --verbose [3ms]
[2022-04-07T09:35:31.988Z] > git config --get commit.template [3ms]
[2022-04-07T09:35:37.062Z] > git symbolic-ref --short HEAD [2ms]
[2022-04-07T09:35:37.068Z] > git for-each-ref --format=%(refname)%00%(upstream:short)%00%(objectname)%00%(upstream:track) refs/heads/master refs/remotes/master [2ms]
[2022-04-07T09:35:37.077Z] > git remote --verbose [1ms]
[2022-04-07T09:35:37.078Z] > git for-each-ref --sort -committerdate --format %(refname) %(objectname) %(*objectname) [6ms]
[2022-04-07T09:35:37.091Z] > git config --get commit.template [3ms]
[2022-04-07T09:35:42.165Z] > git symbolic-ref --short HEAD [2ms]
[2022-04-07T09:35:42.173Z] > git for-each-ref --format=%(refname)%00%(upstream:short)%00%(objectname)%00%(upstream:track) refs/heads/master refs/remotes/master [2ms]
[2022-04-07T09:35:42.183Z] > git remote --verbose [1ms]
[2022-04-07T09:35:42.184Z] > git for-each-ref --sort -committerdate --format %(refname) %(objectname) %(*objectname) [7ms]
[2022-04-07T09:35:42.195Z] > git config --get commit.template [2ms]
[2022-04-07T09:35:47.276Z] > git symbolic-ref --short HEAD [1ms]
[2022-04-07T09:35:47.282Z] > git for-each-ref --format=%(refname)%00%(upstream:short)%00%(objectname)%00%(upstream:track) refs/heads/master refs/remotes/master [1ms]
[2022-04-07T09:35:47.295Z] > git remote --verbose [1ms]
[2022-04-07T09:35:47.296Z] > git for-each-ref --sort -committerdate --format %(refname) %(objectname) %(*objectname) [8ms]
[2022-04-07T09:35:47.316Z] > git config --get commit.template [8ms]
[2022-04-07T09:35:52.398Z] > git symbolic-ref --short HEAD [1ms]
[2022-04-07T09:35:52.405Z] > git for-each-ref --format=%(refname)%00%(upstream:short)%00%(objectname)%00%(upstream:track) refs/heads/master refs/remotes/master [1ms]
[2022-04-07T09:35:52.418Z] > git for-each-ref --sort -committerdate --format %(refname) %(objectname) %(*objectname) [7ms]
[2022-04-07T09:35:52.419Z] > git remote --verbose [2ms]
[2022-04-07T09:35:52.429Z] > git config --get commit.template [2ms]
[2022-04-07T09:35:57.497Z] > git symbolic-ref --short HEAD [1ms]
[2022-04-07T09:35:57.503Z] > git for-each-ref --format=%(refname)%00%(upstream:short)%00%(objectname)%00%(upstream:track) refs/heads/master refs/remotes/master [1ms]
[2022-04-07T09:35:57.514Z] > git remote --verbose [1ms]
[2022-04-07T09:35:57.514Z] > git for-each-ref --sort -committerdate --format %(refname) %(objectname) %(*objectname) [6ms]
[2022-04-07T09:35:57.530Z] > git config --get commit.template [4ms]
[2022-04-07T09:36:02.595Z] > git symbolic-ref --short HEAD [1ms]
[2022-04-07T09:36:02.601Z] > git for-each-ref --format=%(refname)%00%(upstream:short)%00%(objectname)%00%(upstream:track) refs/heads/master refs/remotes/master [2ms]
[2022-04-07T09:36:02.609Z] > git remote --verbose [1ms]
[2022-04-07T09:36:02.611Z] > git for-each-ref --sort -committerdate --format %(refname) %(objectname) %(*objectname) [7ms]
[2022-04-07T09:36:02.622Z] > git config --get commit.template [2ms]
[2022-04-07T09:36:03.312Z] > git ls-files --stage -- /github/RIOTOS/RIOT/ourProject/Makefile [4ms]
[2022-04-07T09:36:06.424Z] > git ls-files --stage -- /github/RIOTOS/RIOT/tests/driver_dht/Makefile [5ms]
[2022-04-07T09:36:06.439Z] > git cat-file -s 2ba7a265cee51b401f6d58d8b72ed92ec2eabf6d [2ms]
[2022-04-07T09:36:07.695Z] > git symbolic-ref --short HEAD [1ms]
[2022-04-07T09:36:07.702Z] > git for-each-ref --format=%(refname)%00%(upstream:short)%00%(objectname)%00%(upstream:track) refs/heads/master refs/remotes/master [2ms]
[2022-04-07T09:36:07.712Z] > git remote --verbose [1ms]
[2022-04-07T09:36:07.713Z] > git for-each-ref --sort -committerdate --format %(refname) %(objectname) %(*objectname) [7ms]
[2022-04-07T09:36:07.724Z] > git config --get commit.template [2ms]
[2022-04-07T09:36:11.771Z] > git ls-files --stage -- /github/RIOTOS/RIOT/Makefile.include [6ms]
[2022-04-07T09:36:11.778Z] > git cat-file -s 01648d35735c07be79d91735b31a55e51bf183e8 [1ms]
[2022-04-07T09:36:12.797Z] > git symbolic-ref --short HEAD [2ms]
[2022-04-07T09:36:12.806Z] > git for-each-ref --format=%(refname)%00%(upstream:short)%00%(objectname)%00%(upstream:track) refs/heads/master refs/remotes/master [2ms]
[2022-04-07T09:36:12.819Z] > git remote --verbose [2ms]
[2022-04-07T09:36:12.821Z] > git for-each-ref --sort -committerdate --format %(refname) %(objectname) %(*objectname) [8ms]
[2022-04-07T09:36:12.834Z] > git config --get commit.template [3ms]
[2022-04-07T09:36:17.909Z] > git symbolic-ref --short HEAD [1ms]
[2022-04-07T09:36:17.915Z] > git for-each-ref --format=%(refname)%00%(upstream:short)%00%(objectname)%00%(upstream:track) refs/heads/master refs/remotes/master [1ms]
[2022-04-07T09:36:17.925Z] > git remote --verbose [2ms]
[2022-04-07T09:36:17.925Z] > git for-each-ref --sort -committerdate --format %(refname) %(objectname) %(*objectname) [6ms]
[2022-04-07T09:36:17.947Z] > git config --get commit.template [2ms]
[2022-04-07T09:36:23.015Z] > git symbolic-ref --short HEAD [1ms]
[2022-04-07T09:36:23.022Z] > git for-each-ref --format=%(refname)%00%(upstream:short)%00%(objectname)%00%(upstream:track) refs/heads/master refs/remotes/master [2ms]
[2022-04-07T09:36:23.147Z] > git for-each-ref --sort -committerdate --format %(refname) %(objectname) %(*objectname) [121ms]
[2022-04-07T09:36:23.148Z] > git remote --verbose [112ms]
[2022-04-07T09:36:23.157Z] > git config --get commit.template [1ms]
[2022-04-07T09:36:28.263Z] > git symbolic-ref --short HEAD [3ms]
[2022-04-07T09:36:28.276Z] > git for-each-ref --format=%(refname)%00%(upstream:short)%00%(objectname)%00%(upstream:track) refs/heads/master refs/remotes/master [2ms]
[2022-04-07T09:36:28.296Z] > git remote --verbose [3ms]
[2022-04-07T09:36:28.297Z] > git for-each-ref --sort -committerdate --format %(refname) %(objectname) %(*objectname) [12ms]
[2022-04-07T09:36:28.315Z] > git config --get commit.template [2ms]
[2022-04-07T09:36:33.410Z] > git symbolic-ref --short HEAD [3ms]
[2022-04-07T09:36:33.418Z] > git for-each-ref --format=%(refname)%00%(upstream:short)%00%(objectname)%00%(upstream:track) refs/heads/master refs/remotes/master [2ms]
[2022-04-07T09:36:33.443Z] > git remote --verbose [6ms]
[2022-04-07T09:36:33.444Z] > git for-each-ref --sort -committerdate --format %(refname) %(objectname) %(*objectname) [14ms]
[2022-04-07T09:36:33.473Z] > git config --get commit.template [13ms]
[2022-04-07T09:36:34.390Z] > git ls-files --stage -- /github/RIOTOS/RIOT/CONTRIBUTING.md [79ms]
[2022-04-07T09:36:34.403Z] > git cat-file -s 2c1e9de169ee99d819a08883d9d50ffc52196069 [3ms]
[2022-04-07T09:36:38.553Z] > git symbolic-ref --short HEAD [2ms]
[2022-04-07T09:36:38.561Z] > git for-each-ref --format=%(refname)%00%(upstream:short)%00%(objectname)%00%(upstream:track) refs/heads/master refs/remotes/master [2ms]
[2022-04-07T09:36:38.587Z] > git remote --verbose [7ms]
[2022-04-07T09:36:38.587Z] > git for-each-ref --sort -committerdate --format %(refname) %(objectname) %(*objectname) [20ms]
[2022-04-07T09:36:38.601Z] > git config --get commit.template [2ms]
[2022-04-07T09:36:43.691Z] > git symbolic-ref --short HEAD [1ms]
[2022-04-07T09:36:43.697Z] > git for-each-ref --format=%(refname)%00%(upstream:short)%00%(objectname)%00%(upstream:track) refs/heads/master refs/remotes/master [1ms]
[2022-04-07T09:36:43.711Z] > git for-each-ref --sort -committerdate --format %(refname) %(objectname) %(*objectname) [8ms]
[2022-04-07T09:36:43.713Z] > git remote --verbose [3ms]
[2022-04-07T09:36:43.736Z] > git config --get commit.template [3ms]
[2022-04-07T09:36:48.823Z] > git symbolic-ref --short HEAD [1ms]
[2022-04-07T09:36:48.834Z] > git for-each-ref --format=%(refname)%00%(upstream:short)%00%(objectname)%00%(upstream:track) refs/heads/master refs/remotes/master [1ms]
[2022-04-07T09:36:48.852Z] > git for-each-ref --sort -committerdate --format %(refname) %(objectname) %(*objectname) [9ms]
[2022-04-07T09:36:48.853Z] > git remote --verbose [2ms]
[2022-04-07T09:36:48.871Z] > git config --get commit.template [3ms]
[2022-04-07T09:36:53.948Z] > git symbolic-ref --short HEAD [1ms]
[2022-04-07T09:36:53.955Z] > git for-each-ref --format=%(refname)%00%(upstream:short)%00%(objectname)%00%(upstream:track) refs/heads/master refs/remotes/master [2ms]
[2022-04-07T09:36:53.967Z] > git remote --verbose [1ms]
[2022-04-07T09:36:53.967Z] > git for-each-ref --sort -committerdate --format %(refname) %(objectname) %(*objectname) [6ms]
[2022-04-07T09:36:53.982Z] > git config --get commit.template [5ms]
[2022-04-07T09:36:54.661Z] > git ls-files --stage -- /github/RIOTOS/RIOT/ourProject/iot/Makefile [4ms]
[2022-04-07T09:36:59.063Z] > git symbolic-ref --short HEAD [1ms]
[2022-04-07T09:36:59.069Z] > git for-each-ref --format=%(refname)%00%(upstream:short)%00%(objectname)%00%(upstream:track) refs/heads/master refs/remotes/master [1ms]
[2022-04-07T09:36:59.082Z] > git remote --verbose [1ms]
[2022-04-07T09:36:59.083Z] > git for-each-ref --sort -committerdate --format %(refname) %(objectname) %(*objectname) [7ms]
[2022-04-07T09:36:59.115Z] > git config --get commit.template [3ms]
[2022-04-07T09:37:04.187Z] > git symbolic-ref --short HEAD [1ms]
[2022-04-07T09:37:04.198Z] > git for-each-ref --format=%(refname)%00%(upstream:short)%00%(objectname)%00%(upstream:track) refs/heads/master refs/remotes/master [1ms]
[2022-04-07T09:37:04.207Z] > git remote --verbose [1ms]
[2022-04-07T09:37:04.209Z] > git for-each-ref --sort -committerdate --format %(refname) %(objectname) %(*objectname) [7ms]
[2022-04-07T09:37:04.222Z] > git config --get commit.template [3ms]
[2022-04-07T09:39:00.273Z] > git symbolic-ref --short HEAD [1ms]
[2022-04-07T09:39:00.282Z] > git for-each-ref --format=%(refname)%00%(upstream:short)%00%(objectname)%00%(upstream:track) refs/heads/master refs/remotes/master [2ms]
[2022-04-07T09:39:00.300Z] > git remote --verbose [1ms]
[2022-04-07T09:39:00.300Z] > git for-each-ref --sort -committerdate --format %(refname) %(objectname) %(*objectname) [9ms]
[2022-04-07T09:39:00.339Z] > git config --get commit.template [3ms]
